\BOOKMARK [0][-]{chapter.1}{Gauss - Il principe dei Matematici}{}% 1
\BOOKMARK [1][-]{section.1.1}{L'enfant prodige}{chapter.1}% 2
\BOOKMARK [1][-]{section.1.2}{L'annus aureus}{chapter.1}% 3
\BOOKMARK [1][-]{section.1.3}{La maturit\340}{chapter.1}% 4
\BOOKMARK [2][-]{subsection.1.3.1}{Astronomia}{section.1.3}% 5
\BOOKMARK [2][-]{subsection.1.3.2}{Probabilit\340}{section.1.3}% 6
\BOOKMARK [2][-]{subsection.1.3.3}{Geodetiche e Geometrie non euclidee}{section.1.3}% 7
\BOOKMARK [2][-]{subsection.1.3.4}{Elettromagnetismo}{section.1.3}% 8
\BOOKMARK [2][-]{subsection.1.3.5}{Curiosit\340}{section.1.3}% 9
\BOOKMARK [1][-]{section.1.4}{Morte e eredit\340}{chapter.1}% 10
\BOOKMARK [0][-]{chapter*.5}{Bibliografia}{}% 11
\BOOKMARK [0][-]{chapter.2}{Galois - Il Genio che non aveva tempo}{}% 12
\BOOKMARK [1][-]{section.2.1}{\311variste Galois - Il profeta}{chapter.2}% 13
\BOOKMARK [1][-]{section.2.2}{Una vita appassionata}{chapter.2}% 14
\BOOKMARK [1][-]{section.2.3}{Un matematico incompreso}{chapter.2}% 15
\BOOKMARK [1][-]{section.2.4}{Il matematico romantico}{chapter.2}% 16
\BOOKMARK [1][-]{section.2.5}{Uno spirito passionale}{chapter.2}% 17
\BOOKMARK [1][-]{section.2.6}{La teoria di Galois}{chapter.2}% 18
\BOOKMARK [2][-]{subsection.2.6.1}{Il concetto di Gruppo}{section.2.6}% 19
\BOOKMARK [1][-]{section.2.7}{Il matematico che non aveva tempo}{chapter.2}% 20
\BOOKMARK [0][-]{chapter.3}{I 7 ponti di Konigsberg}{}% 21
\BOOKMARK [0][-]{chapter.4}{Il Nobel per la Matematica}{}% 22
\BOOKMARK [1][-]{section.4.1}{Nobel per la matematica}{chapter.4}% 23
\BOOKMARK [0][-]{chapter.5}{Cos'\350 un algoritmo? Definizione e qualche esempio}{}% 24
\BOOKMARK [1][-]{section.5.1}{Introduzione ed esempi pratici}{chapter.5}% 25
\BOOKMARK [1][-]{section.5.2}{Definizione pi\371 rigorosa del concetto di algoritmo}{chapter.5}% 26
\BOOKMARK [1][-]{section.5.3}{Alcuni algoritmi interessanti da approfondire}{chapter.5}% 27
\BOOKMARK [0][-]{chapter.6}{Turbolenza: introduzione a questo strano e complesso fenomeno}{}% 28
\BOOKMARK [1][-]{section.6.1}{L'esperimento di Reynolds}{chapter.6}% 29
\BOOKMARK [1][-]{section.6.2}{Turbolenza}{chapter.6}% 30
\BOOKMARK [0][-]{chapter.7}{Problemi del Millennio}{}% 31
\BOOKMARK [0][-]{chapter.8}{C\351dric Villani: il teorema vivente}{}% 32
\BOOKMARK [1][-]{section.8.1}{Biografia}{chapter.8}% 33
\BOOKMARK [1][-]{section.8.2}{Vita privata e celebrit\340}{chapter.8}% 34
\BOOKMARK [1][-]{section.8.3}{Il sogno della \253citt\340 della scienza\273}{chapter.8}% 35
\BOOKMARK [0][-]{chapter*.13}{Bibliografia}{}% 36
